<?xml version="1.0" encoding="UTF-8"?>
<!-- Generated by org.testng.reporters.JUnitXMLReporter -->
<testsuite ignored="0" hostname="sayan-Vostro-3558" failures="0" tests="6" name="Test" time="46.587" errors="0" timestamp="2024-09-17T17:02:49 IST">
  <testcase classname="SeleniumTestNgMavenFramework.BasicAuthTest" name="TC_VerifyLoginTitlePage" time="4.422"/>
  <testcase classname="SeleniumTestNgMavenFramework.BasicAuthTest" name="TC_LoginWithoutEmail" time="7.745"/>
  <testcase classname="SeleniumTestNgMavenFramework.BasicAuthTest" name="TC_LoginWithoutPassword" time="4.912"/>
  <testcase classname="SeleniumTestNgMavenFramework.BasicAuthTest" name="TC_LoginWithWrongEmail" time="5.787"/>
  <testcase classname="SeleniumTestNgMavenFramework.BasicAuthTest" name="TC_LoginWithWrongPassword" time="6.226"/>
  <testcase classname="SeleniumTestNgMavenFramework.BasicAuthTest" name="TC_LoginWithValidCredential" time="7.735"/>
</testsuite> <!-- Test -->
